#! /usr/bin/vvp
:ivl_version "11.0 (stable)";
:ivl_delay_selection "TYPICAL";
:vpi_time_precision - 12;
:vpi_module "/usr/lib/x86_64-linux-gnu/ivl/system.vpi";
:vpi_module "/usr/lib/x86_64-linux-gnu/ivl/vhdl_sys.vpi";
:vpi_module "/usr/lib/x86_64-linux-gnu/ivl/vhdl_textio.vpi";
:vpi_module "/usr/lib/x86_64-linux-gnu/ivl/v2005_math.vpi";
:vpi_module "/usr/lib/x86_64-linux-gnu/ivl/va_math.vpi";
S_0x55975816d140 .scope module, "tb_fp_mul" "tb_fp_mul" 2 4;
 .timescale -9 -12;
P_0x559758172800 .param/l "NEXP" 0 2 6, +C4<00000000000000000000000000001011>;
P_0x559758172840 .param/l "NSIG" 0 2 7, +C4<00000000000000000000000000110100>;
v0x559758197620_0 .var "a", 63 0;
v0x559758197700_0 .var "b", 63 0;
v0x559758197810_0 .net "p", 63 0, L_0x5597581a9c00;  1 drivers
v0x5597581978b0_0 .net "pdnorm", 0 0, v0x5597581968f0_0;  1 drivers
v0x559758197980_0 .net "pinf", 0 0, v0x559758196990_0;  1 drivers
v0x559758197a70_0 .net "pnan", 0 0, v0x559758196a30_0;  1 drivers
v0x559758197b40_0 .net "pnorm", 0 0, v0x559758196ad0_0;  1 drivers
v0x559758197c10_0 .net "pzero", 0 0, v0x559758197460_0;  1 drivers
S_0x559758169970 .scope module, "u" "fp_mul" 2 36, 3 4 0, S_0x55975816d140;
 .timescale -9 -12;
    .port_info 0 /OUTPUT 64 "p";
    .port_info 1 /OUTPUT 1 "nan";
    .port_info 2 /OUTPUT 1 "inf";
    .port_info 3 /OUTPUT 1 "zero";
    .port_info 4 /OUTPUT 1 "dnorm";
    .port_info 5 /OUTPUT 1 "norm";
    .port_info 6 /INPUT 64 "a";
    .port_info 7 /INPUT 64 "b";
P_0x559758168e30 .param/l "EMAX" 0 3 13, +C4<000000000000000000000000000000010000000000>;
P_0x559758168e70 .param/l "EMIN" 0 3 12, +C4<1111111111111111111111111111111110000000001>;
P_0x559758168eb0 .param/l "N_EXP" 0 3 8, +C4<00000000000000000000000000001011>;
P_0x559758168ef0 .param/l "N_MAN" 0 3 9, +C4<00000000000000000000000000110100>;
P_0x559758168f30 .param/l "bias" 0 3 10, +C4<000000000000000000000000000000010000000000>;
P_0x559758168f70 .param/l "log_N_MAN" 0 3 11, +C4<00000000000000000000000000000110>;
L_0x5597581a9c00 .functor BUFZ 64, v0x559758196df0_0, C4<0000000000000000000000000000000000000000000000000000000000000000>, C4<0000000000000000000000000000000000000000000000000000000000000000>, C4<0000000000000000000000000000000000000000000000000000000000000000>;
v0x5597581957a0_0 .net *"_ivl_0", 105 0, L_0x559758199830;  1 drivers
L_0x7f5b8cac3018 .functor BUFT 1, C4<00000000000000000000000000000000000000000000000000000>, C4<0>, C4<0>, C4<0>;
v0x5597581958a0_0 .net *"_ivl_3", 52 0, L_0x7f5b8cac3018;  1 drivers
v0x559758195980_0 .net *"_ivl_4", 105 0, L_0x5597581a9980;  1 drivers
L_0x7f5b8cac3060 .functor BUFT 1, C4<00000000000000000000000000000000000000000000000000000>, C4<0>, C4<0>, C4<0>;
v0x559758195a40_0 .net *"_ivl_7", 52 0, L_0x7f5b8cac3060;  1 drivers
v0x559758195b20_0 .net "a", 63 0, v0x559758197620_0;  1 drivers
v0x559758195be0_0 .net "adnorm", 0 0, L_0x559758198470;  1 drivers
v0x559758195c80_0 .net/s "aexp", 12 0, v0x5597581930a0_0;  1 drivers
v0x559758195d50_0 .net "ainf", 0 0, L_0x559758174000;  1 drivers
v0x559758195e20_0 .net "aman", 52 0, v0x5597581934a0_0;  1 drivers
v0x559758195ef0_0 .net "anan", 0 0, L_0x5597581985a0;  1 drivers
v0x559758195fc0_0 .net "anorm", 0 0, L_0x559758198940;  1 drivers
v0x559758196090_0 .net "azero", 0 0, L_0x559758173f90;  1 drivers
v0x559758196160_0 .net "b", 63 0, v0x559758197700_0;  1 drivers
v0x559758196230_0 .net "bdnorm", 0 0, L_0x5597581992a0;  1 drivers
v0x559758196300_0 .net/s "bexp", 12 0, v0x559758194bf0_0;  1 drivers
v0x5597581963d0_0 .net "binf", 0 0, L_0x559758199090;  1 drivers
v0x5597581964a0_0 .net "bman", 52 0, v0x559758194ff0_0;  1 drivers
v0x559758196680_0 .net "bnan", 0 0, L_0x5597581993d0;  1 drivers
v0x559758196750_0 .net "bnorm", 0 0, L_0x559758199770;  1 drivers
v0x559758196820_0 .net "bzero", 0 0, L_0x559758198f30;  1 drivers
v0x5597581968f0_0 .var "dnorm", 0 0;
v0x559758196990_0 .var "inf", 0 0;
v0x559758196a30_0 .var "nan", 0 0;
v0x559758196ad0_0 .var "norm", 0 0;
v0x559758196b70_0 .net "p", 63 0, L_0x5597581a9c00;  alias, 1 drivers
v0x559758196c10_0 .var/s "pexp", 12 0;
v0x559758196cb0_0 .var "pman", 52 0;
v0x559758196d50_0 .var "ps", 0 0;
v0x559758196df0_0 .var "pt", 63 0;
v0x559758196ed0_0 .net "res", 105 0, L_0x5597581a9ac0;  1 drivers
v0x559758196fb0_0 .var/s "t1exp", 12 0;
v0x559758197090_0 .var/s "t2exp", 12 0;
v0x559758197170_0 .var "tman", 52 0;
v0x559758197460_0 .var "zero", 0 0;
E_0x5597581339d0/0 .event edge, v0x559758193300_0, v0x559758194e50_0, v0x559758196d50_0, v0x559758193720_0;
E_0x5597581339d0/1 .event edge, v0x559758195270_0, v0x5597581933e0_0, v0x559758194f30_0, v0x559758193980_0;
E_0x5597581339d0/2 .event edge, v0x5597581955e0_0, v0x559758192fe0_0, v0x559758194b30_0, v0x5597581930a0_0;
E_0x5597581339d0/3 .event edge, v0x559758194bf0_0, v0x559758196ed0_0, v0x559758196fb0_0, v0x559758197090_0;
E_0x5597581339d0/4 .event edge, v0x559758197170_0, v0x559758196cb0_0, v0x559758196c10_0;
E_0x5597581339d0 .event/or E_0x5597581339d0/0, E_0x5597581339d0/1, E_0x5597581339d0/2, E_0x5597581339d0/3, E_0x5597581339d0/4;
L_0x559758199830 .concat [ 53 53 0 0], v0x5597581934a0_0, L_0x7f5b8cac3018;
L_0x5597581a9980 .concat [ 53 53 0 0], v0x559758194ff0_0, L_0x7f5b8cac3060;
L_0x5597581a9ac0 .arith/mult 106, L_0x559758199830, L_0x5597581a9980;
S_0x559758168670 .scope module, "u1" "fp_class" 3 31, 4 3 0, S_0x559758169970;
 .timescale -9 -12;
    .port_info 0 /OUTPUT 13 "exp";
    .port_info 1 /OUTPUT 53 "man";
    .port_info 2 /OUTPUT 1 "nan";
    .port_info 3 /OUTPUT 1 "inf";
    .port_info 4 /OUTPUT 1 "zero";
    .port_info 5 /OUTPUT 1 "dnorm";
    .port_info 6 /OUTPUT 1 "norm";
    .port_info 7 /INPUT 64 "f";
P_0x559758151d90 .param/l "BIAS" 0 4 9, +C4<000000000000000000000000000000010000000000>;
P_0x559758151dd0 .param/l "EMAX" 0 4 12, +C4<000000000000000000000000000000010000000000>;
P_0x559758151e10 .param/l "EMIN" 0 4 11, +C4<1111111111111111111111111111111110000000001>;
P_0x559758151e50 .param/l "N_EXP" 0 4 7, +C4<00000000000000000000000000001011>;
P_0x559758151e90 .param/l "N_MAN" 0 4 8, +C4<00000000000000000000000000110100>;
P_0x559758151ed0 .param/l "log_N_MAN" 0 4 10, +C4<00000000000000000000000000000110>;
L_0x559758173f90 .functor AND 1, L_0x559758197f70, L_0x559758198110, C4<1>, C4<1>;
L_0x559758174000 .functor AND 1, L_0x559758197db0, L_0x559758198110, C4<1>, C4<1>;
L_0x559758198400 .functor NOT 1, L_0x559758198110, C4<0>, C4<0>, C4<0>;
L_0x559758198470 .functor AND 1, L_0x559758197f70, L_0x559758198400, C4<1>, C4<1>;
L_0x559758198530 .functor NOT 1, L_0x559758198110, C4<0>, C4<0>, C4<0>;
L_0x5597581985a0 .functor AND 1, L_0x559758197db0, L_0x559758198530, C4<1>, C4<1>;
L_0x5597581986f0 .functor NOT 1, L_0x559758197db0, C4<0>, C4<0>, C4<0>;
L_0x5597581987f0 .functor NOT 1, L_0x559758197f70, C4<0>, C4<0>, C4<0>;
L_0x559758198940 .functor AND 1, L_0x5597581986f0, L_0x5597581987f0, C4<1>, C4<1>;
v0x559758152e70_0 .net *"_ivl_1", 10 0, L_0x559758197ce0;  1 drivers
v0x559758152b30_0 .net *"_ivl_16", 0 0, L_0x559758198400;  1 drivers
v0x5597581529a0_0 .net *"_ivl_20", 0 0, L_0x559758198530;  1 drivers
v0x559758164ba0_0 .net *"_ivl_24", 0 0, L_0x5597581986f0;  1 drivers
v0x559758164720_0 .net *"_ivl_26", 0 0, L_0x5597581987f0;  1 drivers
v0x559758163a00_0 .net *"_ivl_5", 10 0, L_0x559758197ed0;  1 drivers
v0x559758192f00_0 .net *"_ivl_9", 51 0, L_0x559758198070;  1 drivers
v0x559758192fe0_0 .net "dnorm", 0 0, L_0x559758198470;  alias, 1 drivers
v0x5597581930a0_0 .var/s "exp", 12 0;
v0x559758193180_0 .net "exp0", 0 0, L_0x559758197f70;  1 drivers
v0x559758193240_0 .net "exp1", 0 0, L_0x559758197db0;  1 drivers
v0x559758193300_0 .net "f", 63 0, v0x559758197620_0;  alias, 1 drivers
v0x5597581933e0_0 .net "inf", 0 0, L_0x559758174000;  alias, 1 drivers
v0x5597581934a0_0 .var "man", 52 0;
v0x559758193580_0 .net "man0", 0 0, L_0x559758198110;  1 drivers
v0x559758193640_0 .var "mask", 52 0;
v0x559758193720_0 .net "nan", 0 0, L_0x5597581985a0;  alias, 1 drivers
v0x5597581937e0_0 .net "norm", 0 0, L_0x559758198940;  alias, 1 drivers
v0x5597581938a0_0 .var "sh", 5 0;
v0x559758193980_0 .net "zero", 0 0, L_0x559758173f90;  alias, 1 drivers
E_0x559758167e40/0 .event edge, v0x559758193300_0, v0x5597581937e0_0, v0x559758192fe0_0, v0x5597581930a0_0;
E_0x559758167e40/1 .event edge, v0x559758193640_0, v0x5597581938a0_0;
E_0x559758167e40 .event/or E_0x559758167e40/0, E_0x559758167e40/1;
L_0x559758197ce0 .part v0x559758197620_0, 52, 11;
L_0x559758197db0 .reduce/and L_0x559758197ce0;
L_0x559758197ed0 .part v0x559758197620_0, 52, 11;
L_0x559758197f70 .reduce/nor L_0x559758197ed0;
L_0x559758198070 .part v0x559758197620_0, 0, 52;
L_0x559758198110 .reduce/nor L_0x559758198070;
S_0x5597581632d0 .scope begin, "$ivl_for_loop0" "$ivl_for_loop0" 4 47, 4 47 0, S_0x559758168670;
 .timescale -9 -12;
v0x559758156f50_0 .var/i "i", 31 0;
S_0x559758193b40 .scope module, "u2" "fp_class" 3 42, 4 3 0, S_0x559758169970;
 .timescale -9 -12;
    .port_info 0 /OUTPUT 13 "exp";
    .port_info 1 /OUTPUT 53 "man";
    .port_info 2 /OUTPUT 1 "nan";
    .port_info 3 /OUTPUT 1 "inf";
    .port_info 4 /OUTPUT 1 "zero";
    .port_info 5 /OUTPUT 1 "dnorm";
    .port_info 6 /OUTPUT 1 "norm";
    .port_info 7 /INPUT 64 "f";
P_0x559758193cf0 .param/l "BIAS" 0 4 9, +C4<000000000000000000000000000000010000000000>;
P_0x559758193d30 .param/l "EMAX" 0 4 12, +C4<000000000000000000000000000000010000000000>;
P_0x559758193d70 .param/l "EMIN" 0 4 11, +C4<1111111111111111111111111111111110000000001>;
P_0x559758193db0 .param/l "N_EXP" 0 4 7, +C4<00000000000000000000000000001011>;
P_0x559758193df0 .param/l "N_MAN" 0 4 8, +C4<00000000000000000000000000110100>;
P_0x559758193e30 .param/l "log_N_MAN" 0 4 10, +C4<00000000000000000000000000000110>;
L_0x559758198f30 .functor AND 1, L_0x559758198cc0, L_0x559758198e00, C4<1>, C4<1>;
L_0x559758199090 .functor AND 1, L_0x559758198aa0, L_0x559758198e00, C4<1>, C4<1>;
L_0x5597581991a0 .functor NOT 1, L_0x559758198e00, C4<0>, C4<0>, C4<0>;
L_0x5597581992a0 .functor AND 1, L_0x559758198cc0, L_0x5597581991a0, C4<1>, C4<1>;
L_0x559758199360 .functor NOT 1, L_0x559758198e00, C4<0>, C4<0>, C4<0>;
L_0x5597581993d0 .functor AND 1, L_0x559758198aa0, L_0x559758199360, C4<1>, C4<1>;
L_0x559758199520 .functor NOT 1, L_0x559758198aa0, C4<0>, C4<0>, C4<0>;
L_0x559758199620 .functor NOT 1, L_0x559758198cc0, C4<0>, C4<0>, C4<0>;
L_0x559758199770 .functor AND 1, L_0x559758199520, L_0x559758199620, C4<1>, C4<1>;
v0x5597581944c0_0 .net *"_ivl_1", 10 0, L_0x559758198a00;  1 drivers
v0x5597581945c0_0 .net *"_ivl_16", 0 0, L_0x5597581991a0;  1 drivers
v0x5597581946a0_0 .net *"_ivl_20", 0 0, L_0x559758199360;  1 drivers
v0x559758194760_0 .net *"_ivl_24", 0 0, L_0x559758199520;  1 drivers
v0x559758194840_0 .net *"_ivl_26", 0 0, L_0x559758199620;  1 drivers
v0x559758194970_0 .net *"_ivl_5", 10 0, L_0x559758198b90;  1 drivers
v0x559758194a50_0 .net *"_ivl_9", 51 0, L_0x559758198d60;  1 drivers
v0x559758194b30_0 .net "dnorm", 0 0, L_0x5597581992a0;  alias, 1 drivers
v0x559758194bf0_0 .var/s "exp", 12 0;
v0x559758194cd0_0 .net "exp0", 0 0, L_0x559758198cc0;  1 drivers
v0x559758194d90_0 .net "exp1", 0 0, L_0x559758198aa0;  1 drivers
v0x559758194e50_0 .net "f", 63 0, v0x559758197700_0;  alias, 1 drivers
v0x559758194f30_0 .net "inf", 0 0, L_0x559758199090;  alias, 1 drivers
v0x559758194ff0_0 .var "man", 52 0;
v0x5597581950d0_0 .net "man0", 0 0, L_0x559758198e00;  1 drivers
v0x559758195190_0 .var "mask", 52 0;
v0x559758195270_0 .net "nan", 0 0, L_0x5597581993d0;  alias, 1 drivers
v0x559758195440_0 .net "norm", 0 0, L_0x559758199770;  alias, 1 drivers
v0x559758195500_0 .var "sh", 5 0;
v0x5597581955e0_0 .net "zero", 0 0, L_0x559758198f30;  alias, 1 drivers
E_0x559758141c30/0 .event edge, v0x559758194e50_0, v0x559758195440_0, v0x559758194b30_0, v0x559758194bf0_0;
E_0x559758141c30/1 .event edge, v0x559758195190_0, v0x559758195500_0;
E_0x559758141c30 .event/or E_0x559758141c30/0, E_0x559758141c30/1;
L_0x559758198a00 .part v0x559758197700_0, 52, 11;
L_0x559758198aa0 .reduce/and L_0x559758198a00;
L_0x559758198b90 .part v0x559758197700_0, 52, 11;
L_0x559758198cc0 .reduce/nor L_0x559758198b90;
L_0x559758198d60 .part v0x559758197700_0, 0, 52;
L_0x559758198e00 .reduce/nor L_0x559758198d60;
S_0x5597581941c0 .scope begin, "$ivl_for_loop0" "$ivl_for_loop0" 4 47, 4 47 0, S_0x559758193b40;
 .timescale -9 -12;
v0x5597581943c0_0 .var/i "i", 31 0;
    .scope S_0x559758168670;
T_0 ;
    %pushi/vec4 4294967295, 0, 32;
    %concati/vec4 2097151, 0, 21;
    %store/vec4 v0x559758193640_0, 0, 53;
    %end;
    .thread T_0;
    .scope S_0x559758168670;
T_1 ;
    %wait E_0x559758167e40;
    %load/vec4 v0x559758193300_0;
    %parti/s 11, 52, 7;
    %pad/u 13;
    %store/vec4 v0x5597581930a0_0, 0, 13;
    %load/vec4 v0x559758193300_0;
    %parti/s 52, 0, 2;
    %pad/u 53;
    %store/vec4 v0x5597581934a0_0, 0, 53;
    %pushi/vec4 0, 0, 6;
    %store/vec4 v0x5597581938a0_0, 0, 6;
    %load/vec4 v0x5597581937e0_0;
    %flag_set/vec4 8;
    %jmp/0xz  T_1.0, 8;
    %load/vec4 v0x559758193300_0;
    %parti/s 11, 52, 7;
    %pad/u 42;
    %subi 1024, 0, 42;
    %pad/u 13;
    %store/vec4 v0x5597581930a0_0, 0, 13;
    %pushi/vec4 1, 0, 1;
    %load/vec4 v0x559758193300_0;
    %parti/s 52, 0, 2;
    %concat/vec4; draw_concat_vec4
    %store/vec4 v0x5597581934a0_0, 0, 53;
    %jmp T_1.1;
T_1.0 ;
    %load/vec4 v0x559758192fe0_0;
    %flag_set/vec4 8;
    %jmp/0xz  T_1.2, 8;
    %fork t_1, S_0x5597581632d0;
    %jmp t_0;
    .scope S_0x5597581632d0;
t_1 ;
    %pushi/vec4 32, 0, 32;
    %store/vec4 v0x559758156f50_0, 0, 32;
T_1.4 ;
    %load/vec4 v0x559758156f50_0;
    %cmpi/s 0, 0, 32;
    %flag_or 5, 4; GT is !LE
    %flag_inv 5;
    %jmp/0xz T_1.5, 5;
    %load/vec4 v0x5597581930a0_0;
    %pad/u 53;
    %load/vec4 v0x559758193640_0;
    %pushi/vec4 53, 0, 32;
    %load/vec4 v0x559758156f50_0;
    %sub;
    %ix/vec4 4;
    %shiftl 4;
    %and;
    %cmpi/e 0, 0, 53;
    %jmp/0xz  T_1.6, 4;
    %load/vec4 v0x5597581930a0_0;
    %load/vec4 v0x559758156f50_0;
    %ix/vec4 4;
    %shiftl 4;
    %store/vec4 v0x5597581930a0_0, 0, 13;
    %load/vec4 v0x5597581938a0_0;
    %pad/u 32;
    %load/vec4 v0x559758156f50_0;
    %or;
    %pad/u 6;
    %store/vec4 v0x5597581938a0_0, 0, 6;
T_1.6 ;
    %load/vec4 v0x559758156f50_0;
    %ix/load 4, 1, 0;
    %flag_set/imm 4, 0;
    %shiftr 4;
    %store/vec4 v0x559758156f50_0, 0, 32;
    %jmp T_1.4;
T_1.5 ;
    %end;
    .scope S_0x559758168670;
t_0 %join;
    %pushi/vec4 4294967295, 0, 32;
    %concati/vec4 1025, 0, 11;
    %load/vec4 v0x5597581938a0_0;
    %pad/u 43;
    %sub;
    %pad/u 13;
    %store/vec4 v0x5597581930a0_0, 0, 13;
T_1.2 ;
T_1.1 ;
    %jmp T_1;
    .thread T_1, $push;
    .scope S_0x559758193b40;
T_2 ;
    %pushi/vec4 4294967295, 0, 32;
    %concati/vec4 2097151, 0, 21;
    %store/vec4 v0x559758195190_0, 0, 53;
    %end;
    .thread T_2;
    .scope S_0x559758193b40;
T_3 ;
    %wait E_0x559758141c30;
    %load/vec4 v0x559758194e50_0;
    %parti/s 11, 52, 7;
    %pad/u 13;
    %store/vec4 v0x559758194bf0_0, 0, 13;
    %load/vec4 v0x559758194e50_0;
    %parti/s 52, 0, 2;
    %pad/u 53;
    %store/vec4 v0x559758194ff0_0, 0, 53;
    %pushi/vec4 0, 0, 6;
    %store/vec4 v0x559758195500_0, 0, 6;
    %load/vec4 v0x559758195440_0;
    %flag_set/vec4 8;
    %jmp/0xz  T_3.0, 8;
    %load/vec4 v0x559758194e50_0;
    %parti/s 11, 52, 7;
    %pad/u 42;
    %subi 1024, 0, 42;
    %pad/u 13;
    %store/vec4 v0x559758194bf0_0, 0, 13;
    %pushi/vec4 1, 0, 1;
    %load/vec4 v0x559758194e50_0;
    %parti/s 52, 0, 2;
    %concat/vec4; draw_concat_vec4
    %store/vec4 v0x559758194ff0_0, 0, 53;
    %jmp T_3.1;
T_3.0 ;
    %load/vec4 v0x559758194b30_0;
    %flag_set/vec4 8;
    %jmp/0xz  T_3.2, 8;
    %fork t_3, S_0x5597581941c0;
    %jmp t_2;
    .scope S_0x5597581941c0;
t_3 ;
    %pushi/vec4 32, 0, 32;
    %store/vec4 v0x5597581943c0_0, 0, 32;
T_3.4 ;
    %load/vec4 v0x5597581943c0_0;
    %cmpi/s 0, 0, 32;
    %flag_or 5, 4; GT is !LE
    %flag_inv 5;
    %jmp/0xz T_3.5, 5;
    %load/vec4 v0x559758194bf0_0;
    %pad/u 53;
    %load/vec4 v0x559758195190_0;
    %pushi/vec4 53, 0, 32;
    %load/vec4 v0x5597581943c0_0;
    %sub;
    %ix/vec4 4;
    %shiftl 4;
    %and;
    %cmpi/e 0, 0, 53;
    %jmp/0xz  T_3.6, 4;
    %load/vec4 v0x559758194bf0_0;
    %load/vec4 v0x5597581943c0_0;
    %ix/vec4 4;
    %shiftl 4;
    %store/vec4 v0x559758194bf0_0, 0, 13;
    %load/vec4 v0x559758195500_0;
    %pad/u 32;
    %load/vec4 v0x5597581943c0_0;
    %or;
    %pad/u 6;
    %store/vec4 v0x559758195500_0, 0, 6;
T_3.6 ;
    %load/vec4 v0x5597581943c0_0;
    %ix/load 4, 1, 0;
    %flag_set/imm 4, 0;
    %shiftr 4;
    %store/vec4 v0x5597581943c0_0, 0, 32;
    %jmp T_3.4;
T_3.5 ;
    %end;
    .scope S_0x559758193b40;
t_2 %join;
    %pushi/vec4 4294967295, 0, 32;
    %concati/vec4 1025, 0, 11;
    %load/vec4 v0x559758195500_0;
    %pad/u 43;
    %sub;
    %pad/u 13;
    %store/vec4 v0x559758194bf0_0, 0, 13;
T_3.2 ;
T_3.1 ;
    %jmp T_3;
    .thread T_3, $push;
    .scope S_0x559758169970;
T_4 ;
    %wait E_0x5597581339d0;
    %load/vec4 v0x559758195b20_0;
    %parti/s 1, 63, 7;
    %load/vec4 v0x559758196160_0;
    %parti/s 1, 63, 7;
    %xor;
    %store/vec4 v0x559758196d50_0, 0, 1;
    %load/vec4 v0x559758196d50_0;
    %concati/vec4 2047, 0, 11;
    %concati/vec4 0, 0, 1;
    %concati/vec4 4294967295, 0, 32;
    %concati/vec4 524287, 0, 19;
    %store/vec4 v0x559758196df0_0, 0, 64;
    %pushi/vec4 0, 0, 5;
    %split/vec4 1;
    %store/vec4 v0x559758196ad0_0, 0, 1;
    %split/vec4 1;
    %store/vec4 v0x5597581968f0_0, 0, 1;
    %split/vec4 1;
    %store/vec4 v0x559758197460_0, 0, 1;
    %split/vec4 1;
    %store/vec4 v0x559758196990_0, 0, 1;
    %store/vec4 v0x559758196a30_0, 0, 1;
    %load/vec4 v0x559758195ef0_0;
    %load/vec4 v0x559758196680_0;
    %or;
    %cmpi/e 1, 0, 1;
    %jmp/0xz  T_4.0, 4;
    %pushi/vec4 1, 0, 1;
    %store/vec4 v0x559758196a30_0, 0, 1;
    %jmp T_4.1;
T_4.0 ;
    %load/vec4 v0x559758195d50_0;
    %load/vec4 v0x5597581963d0_0;
    %or;
    %cmpi/e 1, 0, 1;
    %jmp/0xz  T_4.2, 4;
    %load/vec4 v0x559758196090_0;
    %load/vec4 v0x559758196820_0;
    %or;
    %cmpi/e 1, 0, 1;
    %jmp/0xz  T_4.4, 4;
    %pushi/vec4 1, 0, 1;
    %store/vec4 v0x559758196a30_0, 0, 1;
    %jmp T_4.5;
T_4.4 ;
    %load/vec4 v0x559758196d50_0;
    %concati/vec4 2047, 0, 11;
    %concati/vec4 0, 0, 52;
    %store/vec4 v0x559758196df0_0, 0, 64;
    %pushi/vec4 1, 0, 1;
    %store/vec4 v0x559758196990_0, 0, 1;
T_4.5 ;
    %jmp T_4.3;
T_4.2 ;
    %load/vec4 v0x559758196090_0;
    %load/vec4 v0x559758196820_0;
    %or;
    %cmpi/e 1, 0, 1;
    %flag_mov 8, 4;
    %load/vec4 v0x559758195be0_0;
    %load/vec4 v0x559758196230_0;
    %and;
    %cmpi/e 1, 0, 1;
    %flag_or 4, 8;
    %jmp/0xz  T_4.6, 4;
    %load/vec4 v0x559758196d50_0;
    %concati/vec4 0, 0, 63;
    %store/vec4 v0x559758196df0_0, 0, 64;
    %pushi/vec4 1, 0, 1;
    %store/vec4 v0x559758197460_0, 0, 1;
    %jmp T_4.7;
T_4.6 ;
    %load/vec4 v0x559758195c80_0;
    %load/vec4 v0x559758196300_0;
    %add;
    %store/vec4 v0x559758196fb0_0, 0, 13;
    %load/vec4 v0x559758196ed0_0;
    %parti/s 1, 105, 8;
    %cmpi/e 1, 0, 1;
    %jmp/0xz  T_4.8, 4;
    %load/vec4 v0x559758196ed0_0;
    %parti/s 53, 53, 7;
    %store/vec4 v0x559758197170_0, 0, 53;
    %load/vec4 v0x559758196fb0_0;
    %addi 1, 0, 13;
    %store/vec4 v0x559758197090_0, 0, 13;
    %jmp T_4.9;
T_4.8 ;
    %load/vec4 v0x559758196ed0_0;
    %parti/s 53, 52, 7;
    %store/vec4 v0x559758197170_0, 0, 53;
    %load/vec4 v0x559758196fb0_0;
    %store/vec4 v0x559758197090_0, 0, 13;
T_4.9 ;
    %load/vec4 v0x559758197090_0;
    %pad/s 43;
    %pushi/vec4 4294967295, 0, 32;
    %concati/vec4 973, 0, 11;
    %cmp/s;
    %jmp/0xz  T_4.10, 5;
    %load/vec4 v0x559758196d50_0;
    %concati/vec4 0, 0, 63;
    %store/vec4 v0x559758196df0_0, 0, 64;
    %pushi/vec4 1, 0, 1;
    %store/vec4 v0x559758197460_0, 0, 1;
    %jmp T_4.11;
T_4.10 ;
    %load/vec4 v0x559758197090_0;
    %pad/s 43;
    %pushi/vec4 4294967295, 0, 32;
    %concati/vec4 1025, 0, 11;
    %cmp/s;
    %jmp/0xz  T_4.12, 5;
    %load/vec4 v0x559758197170_0;
    %pushi/vec4 4294967295, 0, 32;
    %concati/vec4 1025, 0, 11;
    %load/vec4 v0x559758197090_0;
    %pad/s 43;
    %sub;
    %ix/vec4 4;
    %shiftr 4;
    %store/vec4 v0x559758196cb0_0, 0, 53;
    %load/vec4 v0x559758196d50_0;
    %concati/vec4 0, 0, 11;
    %load/vec4 v0x559758196cb0_0;
    %parti/s 52, 0, 2;
    %concat/vec4; draw_concat_vec4
    %store/vec4 v0x559758196df0_0, 0, 64;
    %pushi/vec4 1, 0, 1;
    %store/vec4 v0x559758196990_0, 0, 1;
    %jmp T_4.13;
T_4.12 ;
    %load/vec4 v0x559758197090_0;
    %pad/s 42;
    %cmpi/s 1024, 0, 42;
    %flag_or 5, 4; GT is !LE
    %flag_inv 5;
    %jmp/0xz  T_4.14, 5;
    %load/vec4 v0x559758196d50_0;
    %concati/vec4 2047, 0, 11;
    %concati/vec4 0, 0, 52;
    %store/vec4 v0x559758196df0_0, 0, 64;
    %pushi/vec4 1, 0, 1;
    %store/vec4 v0x559758196990_0, 0, 1;
    %jmp T_4.15;
T_4.14 ;
    %load/vec4 v0x559758197090_0;
    %pad/s 42;
    %addi 1024, 0, 42;
    %pad/s 13;
    %store/vec4 v0x559758196c10_0, 0, 13;
    %load/vec4 v0x559758197170_0;
    %store/vec4 v0x559758196cb0_0, 0, 53;
    %load/vec4 v0x559758196d50_0;
    %load/vec4 v0x559758196c10_0;
    %parti/s 11, 0, 2;
    %concat/vec4; draw_concat_vec4
    %load/vec4 v0x559758196cb0_0;
    %parti/s 52, 0, 2;
    %concat/vec4; draw_concat_vec4
    %store/vec4 v0x559758196df0_0, 0, 64;
    %pushi/vec4 1, 0, 1;
    %store/vec4 v0x559758196ad0_0, 0, 1;
T_4.15 ;
T_4.13 ;
T_4.11 ;
T_4.7 ;
T_4.3 ;
T_4.1 ;
    %jmp T_4;
    .thread T_4, $push;
    .scope S_0x55975816d140;
T_5 ;
    %delay 100000, 0;
    %vpi_call 2 13 "$finish" {0 0 0};
    %end;
    .thread T_5;
    .scope S_0x55975816d140;
T_6 ;
    %vpi_call 2 14 "$monitor", "a (%x) * b(%x) = p (%x) of type (%b %b %b %b %b)", v0x559758197620_0, v0x559758197700_0, v0x559758197810_0, v0x559758197a70_0, v0x559758197980_0, v0x559758197c10_0, v0x5597581978b0_0, v0x559758197b40_0 {0 0 0};
    %end;
    .thread T_6;
    .scope S_0x55975816d140;
T_7 ;
    %pushi/vec4 4294967295, 0, 44;
    %concati/vec4 1048575, 0, 20;
    %cassign/vec4 v0x559758197620_0;
    %pushi/vec4 0, 0, 64;
    %cassign/vec4 v0x559758197700_0;
    %delay 10000, 0;
    %pushi/vec4 2150466846, 0, 33;
    %concati/vec4 1546188227, 0, 31;
    %cassign/vec4 v0x559758197620_0;
    %pushi/vec4 2152269348, 0, 33;
    %concati/vec4 1855425872, 0, 31;
    %cassign/vec4 v0x559758197700_0;
    %end;
    .thread T_7;
    .scope S_0x55975816d140;
T_8 ;
    %vpi_call 2 32 "$dumpfile", "tb_fp_class.vcd" {0 0 0};
    %vpi_call 2 33 "$dumpvars", 32'sb00000000000000000000000000000000, S_0x55975816d140 {0 0 0};
    %end;
    .thread T_8;
# The file index is used to find the file name in the following table.
:file_names 5;
    "N/A";
    "<interactive>";
    "tb_fp_mul.v";
    "./fp_mul.v";
    "./fp_class.v";
